<?xml version="1.0" encoding="UTF-8"?>
<!-- Generated by org.testng.reporters.JUnitReportReporter -->
<testsuite skipped="0" hostname="OsamaAsusLaptop" name="tests.getAllTest" tests="1" failures="0" timestamp="22 Feb 2021 17:52:32 GMT" time="2.541" errors="0">
  <testcase name="GetFunction" time="2.541" classname="tests.getAllTest"/>
</testsuite> <!-- tests.getAllTest -->
