<?xml version="1.0" encoding="UTF-8"?>
<!-- Generated by org.testng.reporters.JUnitReportReporter -->
<testsuite skipped="0" hostname="OsamaAsusLaptop" name="tests.unsuccessfulRegister" tests="1" failures="0" timestamp="23 Feb 2021 03:19:20 GMT" time="3.277" errors="0">
  <testcase name="FailedRegister" time="3.277" classname="tests.unsuccessfulRegister"/>
</testsuite> <!-- tests.unsuccessfulRegister -->
