<?xml version="1.0" encoding="UTF-8"?>
<!-- Generated by org.testng.reporters.JUnitReportReporter -->
<testsuite skipped="0" hostname="OsamaAsusLaptop" name="tests.loginTest" tests="1" failures="0" timestamp="22 Feb 2021 22:29:59 GMT" time="3.294" errors="0">
  <testcase name="Login" time="3.294" classname="tests.loginTest"/>
</testsuite> <!-- tests.loginTest -->
