<?xml version="1.0" encoding="UTF-8"?>
<!-- Generated by org.testng.reporters.JUnitReportReporter -->
<testsuite skipped="0" hostname="OsamaAsusLaptop" name="tests.notFoundUser" tests="1" failures="0" timestamp="23 Feb 2021 03:08:32 GMT" time="3.103" errors="0">
  <testcase name="UnfoundUser" time="3.103" classname="tests.notFoundUser"/>
</testsuite> <!-- tests.notFoundUser -->
