<?xml version="1.0" encoding="UTF-8"?>
<!-- Generated by org.testng.reporters.JUnitReportReporter -->
<testsuite skipped="0" hostname="OsamaAsusLaptop" name="tests.createUser" tests="1" failures="0" timestamp="22 Feb 2021 21:12:44 GMT" time="3.261" errors="0">
  <testcase name="CreateUsr" time="3.261" classname="tests.createUser"/>
</testsuite> <!-- tests.createUser -->
