<?xml version="1.0" encoding="UTF-8"?>
<!-- Generated by org.testng.reporters.JUnitReportReporter -->
<testsuite skipped="0" hostname="OsamaAsusLaptop" name="tests.getOneUser" tests="1" failures="0" timestamp="22 Feb 2021 20:47:43 GMT" time="2.980" errors="0">
  <testcase name="GetASingleUserFunction" time="2.980" classname="tests.getOneUser"/>
</testsuite> <!-- tests.getOneUser -->
