<?xml version="1.0" encoding="UTF-8"?>
<!-- Generated by org.testng.reporters.JUnitReportReporter -->
<testsuite skipped="0" hostname="OsamaAsusLaptop" name="tests.unsuccessfulLogin" tests="1" failures="0" timestamp="23 Feb 2021 03:07:08 GMT" time="3.294" errors="0">
  <testcase name="FailedLogin" time="3.294" classname="tests.unsuccessfulLogin"/>
</testsuite> <!-- tests.unsuccessfulLogin -->
