<?xml version="1.0" encoding="UTF-8"?>
<!-- Generated by org.testng.reporters.JUnitReportReporter -->
<testsuite skipped="0" hostname="OsamaAsusLaptop" name="tests.getOneItem" tests="1" failures="0" timestamp="22 Feb 2021 17:57:05 GMT" time="2.300" errors="0">
  <testcase name="GetASingleItemFunction" time="2.300" classname="tests.getOneItem"/>
</testsuite> <!-- tests.getOneItem -->
