<?xml version="1.0" encoding="UTF-8"?>
<!-- Generated by org.testng.reporters.JUnitReportReporter -->
<testsuite skipped="0" hostname="OsamaAsusLaptop" name="tests.successfulRegister" tests="1" failures="0" timestamp="23 Feb 2021 03:36:42 GMT" time="3.266" errors="0">
  <testcase name="SuccessRegistration" time="3.266" classname="tests.successfulRegister"/>
</testsuite> <!-- tests.successfulRegister -->
